<?xml version="1.0" encoding="UTF-8"?>
<!-- Generated by org.testng.reporters.JUnitReportReporter -->
<testsuite hostname="DESKTOP-07RF2GO" failures="0" tests="1" name="E2EFlipkart" time="10.038" errors="0" timestamp="2024-03-10T16:33:57 IST" skipped="0">
  <testcase classname="E2EFlipkart" name="test" time="10.038"/>
</testsuite> <!-- E2EFlipkart -->
